<?xml version="1.0" encoding="UTF-8"?>
<!-- Generated by org.testng.reporters.JUnitReportReporter -->
<testsuite hostname="DESKTOP-9DVV25U" failures="0" tests="2" name="TestNG.NewTestNG" time="1.574" errors="0" timestamp="22 Apr. 2021 17:51:51 GMT" skipped="0">
  <testcase classname="TestNG.NewTestNG" name="tes2" time="0.209"/>
  <testcase classname="TestNG.NewTestNG" name="test" time="1.365"/>
</testsuite> <!-- TestNG.NewTestNG -->
