<?xml version="1.0" encoding="UTF-8"?>
<!-- Generated by org.testng.reporters.JUnitReportReporter -->
<testsuite hostname="DESKTOP-9DVV25U" failures="0" tests="1" name="TestNG.NewTest2" time="0.001" errors="0" timestamp="22 Apr. 2021 17:51:51 GMT" skipped="0">
  <testcase classname="TestNG.NewTest2" name="Test2" time="0.001"/>
</testsuite> <!-- TestNG.NewTest2 -->
