<?xml version="1.0" encoding="UTF-8"?>
<!-- Generated by org.testng.reporters.JUnitReportReporter -->
<testsuite hostname="DESKTOP-9DVV25U" failures="0" tests="1" name="TestNG.NewTest3" time="0.006" errors="0" timestamp="22 Apr. 2021 17:51:51 GMT" skipped="0">
  <testcase classname="TestNG.NewTest3" name="Test3" time="0.006"/>
</testsuite> <!-- TestNG.NewTest3 -->
